<?xml version="1.0" encoding="UTF-8"?>
<testng-results ignored="0" total="1" passed="1" failed="0" skipped="0">
  <reporter-output>
  </reporter-output>
  <suite started-at="2021-10-12T10:06:31 IST" name="Default suite" finished-at="2021-10-12T10:07:37 IST" duration-ms="66278">
    <groups>
    </groups>
    <test started-at="2021-10-12T10:06:31 IST" name="Default test" finished-at="2021-10-12T10:07:37 IST" duration-ms="66278">
      <class name="testpageObject.PionGlobalTest">
        <test-method is-config="true" signature="setup()[pri:0, instance:testpageObject.PionGlobalTest@e7edb54]" started-at="2021-10-12T10:06:31 IST" name="setup" finished-at="2021-10-12T10:07:15 IST" duration-ms="44227" status="PASS">
          <reporter-output>
          </reporter-output>
        </test-method> <!-- setup -->
        <test-method signature="getTestData()[pri:0, instance:testpageObject.PionGlobalTest@e7edb54]" started-at="2021-10-12T10:07:15 IST" name="getTestData" finished-at="2021-10-12T10:07:36 IST" duration-ms="20412" status="PASS">
          <reporter-output>
          </reporter-output>
        </test-method> <!-- getTestData -->
        <test-method is-config="true" signature="closeDown()[pri:0, instance:testpageObject.PionGlobalTest@e7edb54]" started-at="2021-10-12T10:07:36 IST" name="closeDown" finished-at="2021-10-12T10:07:37 IST" duration-ms="1137" status="PASS">
          <reporter-output>
          </reporter-output>
        </test-method> <!-- closeDown -->
      </class> <!-- testpageObject.PionGlobalTest -->
    </test> <!-- Default test -->
  </suite> <!-- Default suite -->
</testng-results>
